<?xml version="1.0" encoding="UTF-8"?>
<!-- Generated by org.testng.reporters.JUnitReportReporter -->
<testsuite hostname="MSI" failures="0" tests="1" name="com.spicejet.tests.SpicejetSignUpTest" time="22.691" errors="0" timestamp="2023-09-06T17:30:26 IST" skipped="0">
  <testcase classname="com.spicejet.tests.SpicejetSignUpTest" name="signUpPage" time="22.691"/>
  <system-out/>
</testsuite> <!-- com.spicejet.tests.SpicejetSignUpTest -->
