<?xml version="1.0" encoding="UTF-8"?>
<!-- Generated by org.testng.reporters.JUnitReportReporter -->
<testsuite hostname="MSI" failures="0" tests="1" name="com.spicejet.tests.SpicejetTest" time="10.964" errors="0" timestamp="2023-09-03T21:33:19 IST" skipped="0">
  <testcase classname="com.spicejet.tests.SpicejetTest" name="browserLaunch" time="10.964"/>
  <system-out/>
</testsuite> <!-- com.spicejet.tests.SpicejetTest -->
