<?xml version="1.0" encoding="UTF-8"?>
<!-- Generated by org.testng.reporters.JUnitReportReporter -->
<testsuite hostname="MSI" failures="0" tests="1" name="com.spicejet.tests.SpicejetRoundTripTest" time="32.819" errors="0" timestamp="2023-09-09T20:53:09 IST" skipped="0">
  <testcase classname="com.spicejet.tests.SpicejetRoundTripTest" name="SearchRoundTripFlight" time="32.819"/>
  <system-out/>
</testsuite> <!-- com.spicejet.tests.SpicejetRoundTripTest -->
