<?xml version="1.0" encoding="UTF-8"?>
<!-- Generated by org.testng.reporters.JUnitReportReporter -->
<testsuite hostname="MSI" failures="0" tests="1" name="com.spicejet.tests.SpicejetRoundTripTest" time="40.363" errors="0" timestamp="2023-09-06T20:20:02 IST" skipped="0">
  <testcase classname="com.spicejet.tests.SpicejetRoundTripTest" name="SearchRoundTripFlight" time="40.363"/>
  <system-out/>
</testsuite> <!-- com.spicejet.tests.SpicejetRoundTripTest -->
