<?xml version="1.0" encoding="UTF-8"?>
<!-- Generated by org.testng.reporters.JUnitReportReporter -->
<testsuite hostname="MSI" failures="0" tests="2" name="com.spicejet.tests.SpicejetLogin_NegativeTest" time="39.559" errors="0" timestamp="2023-09-06T17:35:08 IST" skipped="0">
  <testcase classname="com.spicejet.tests.SpicejetLogin_NegativeTest" name="loginInvalidCred" time="20.940"/>
  <system-out/>
  <testcase classname="com.spicejet.tests.SpicejetLogin_NegativeTest" name="loginInvalidCred" time="18.619"/>
  <system-out/>
</testsuite> <!-- com.spicejet.tests.SpicejetLogin_NegativeTest -->
