<?xml version="1.0" encoding="UTF-8"?>
<!-- Generated by org.testng.reporters.JUnitReportReporter -->
<testsuite hostname="MSI" failures="0" tests="1" name="com.spicejet.tests.SpicejetBookingTest" time="48.907" errors="0" timestamp="2023-09-06T20:20:02 IST" skipped="0">
  <testcase classname="com.spicejet.tests.SpicejetBookingTest" name="BookingFlight" time="48.907"/>
  <system-out/>
</testsuite> <!-- com.spicejet.tests.SpicejetBookingTest -->
