<?xml version="1.0" encoding="UTF-8"?>
<!-- Generated by org.testng.reporters.JUnitReportReporter -->
<testsuite hostname="MSI" failures="0" tests="1" name="com.spicejet.tests.SpicejetTest" time="6.300" errors="0" timestamp="2023-09-06T17:30:26 IST" skipped="0">
  <testcase classname="com.spicejet.tests.SpicejetTest" name="browserLaunch" time="6.300"/>
  <system-out/>
</testsuite> <!-- com.spicejet.tests.SpicejetTest -->
