<?xml version="1.0" encoding="UTF-8"?>
<!-- Generated by org.testng.reporters.JUnitReportReporter -->
<testsuite hostname="MSI" failures="0" tests="1" name="com.spicejet.tests.SpicejetTest" time="10.928" errors="0" timestamp="2023-09-05T22:38:07 IST" skipped="0">
  <testcase classname="com.spicejet.tests.SpicejetTest" name="browserLaunch" time="10.928"/>
  <system-out/>
</testsuite> <!-- com.spicejet.tests.SpicejetTest -->
