<?xml version="1.0" encoding="UTF-8"?>
<!-- Generated by org.testng.reporters.JUnitReportReporter -->
<testsuite hostname="MSI" failures="0" tests="1" name="com.spicejet.tests.SpicejetLoginTest" time="32.271" errors="0" timestamp="2023-09-09T19:05:10 IST" skipped="0">
  <testcase classname="com.spicejet.tests.SpicejetLoginTest" name="loginSpiceJet" time="32.271"/>
  <system-out/>
</testsuite> <!-- com.spicejet.tests.SpicejetLoginTest -->
