<?xml version="1.0" encoding="UTF-8"?>
<!-- Generated by org.testng.reporters.JUnitReportReporter -->
<testsuite hostname="MSI" failures="0" tests="1" name="com.spicejet.tests.SpicejetInvalidPassengerDet_Negativetest" time="67.205" errors="0" timestamp="2023-09-09T19:05:10 IST" skipped="0">
  <testcase classname="com.spicejet.tests.SpicejetInvalidPassengerDet_Negativetest" name="SignUpInvalidCred" time="67.205"/>
  <system-out/>
</testsuite> <!-- com.spicejet.tests.SpicejetInvalidPassengerDet_Negativetest -->
