<?xml version="1.0" encoding="UTF-8"?>
<!-- Generated by org.testng.reporters.JUnitReportReporter -->
<testsuite hostname="MSI" failures="0" tests="1" name="com.spicejet.tests.SpicejetBookingTest" time="75.754" errors="0" timestamp="2023-09-09T18:25:23 IST" skipped="0">
  <testcase classname="com.spicejet.tests.SpicejetBookingTest" name="BookingFlight" time="75.754"/>
  <system-out/>
</testsuite> <!-- com.spicejet.tests.SpicejetBookingTest -->
