<?xml version="1.0" encoding="UTF-8"?>
<!-- Generated by org.testng.reporters.JUnitReportReporter -->
<testsuite hostname="MSI" failures="0" tests="1" name="com.spicejet.tests.SpicejetOneWayTest" time="33.058" errors="0" timestamp="2023-09-04T11:17:35 IST" skipped="0">
  <testcase classname="com.spicejet.tests.SpicejetOneWayTest" name="SearchOneWayFlight" time="33.058"/>
  <system-out/>
</testsuite> <!-- com.spicejet.tests.SpicejetOneWayTest -->
