<?xml version="1.0" encoding="UTF-8"?>
<!-- Generated by org.testng.reporters.JUnitReportReporter -->
<testsuite hostname="MSI" failures="0" tests="1" name="com.spicejet.tests.SpicejetBookingFieldTest" time="18.053" errors="0" timestamp="2023-09-04T12:25:36 IST" skipped="0">
  <testcase classname="com.spicejet.tests.SpicejetBookingFieldTest" name="validateBookingField" time="18.053"/>
  <system-out/>
</testsuite> <!-- com.spicejet.tests.SpicejetBookingFieldTest -->
