<?xml version="1.0" encoding="UTF-8"?>
<!-- Generated by org.testng.reporters.JUnitReportReporter -->
<testsuite hostname="MSI" failures="0" tests="1" name="com.spicejet.tests.SpicejetOneWayTest" time="34.644" errors="0" timestamp="2023-09-05T12:07:02 IST" skipped="0">
  <testcase classname="com.spicejet.tests.SpicejetOneWayTest" name="SearchOneWayFlight" time="34.644"/>
  <system-out/>
</testsuite> <!-- com.spicejet.tests.SpicejetOneWayTest -->
