<?xml version="1.0" encoding="UTF-8"?>
<!-- Generated by org.testng.reporters.JUnitReportReporter -->
<testsuite hostname="MSI" failures="0" tests="1" name="com.spicejet.tests.SpicejetSignUpTest" time="9.894" errors="0" timestamp="2023-09-02T20:30:39 IST" skipped="0">
  <testcase classname="com.spicejet.tests.SpicejetSignUpTest" name="signUpPage" time="9.894"/>
  <system-out/>
</testsuite> <!-- com.spicejet.tests.SpicejetSignUpTest -->
