<?xml version="1.0" encoding="UTF-8"?>
<!-- Generated by org.testng.reporters.JUnitReportReporter -->
<testsuite hostname="MSI" failures="0" tests="1" name="com.spicejet.tests.SpicejetTest" time="7.015" errors="0" timestamp="2023-09-09T20:53:09 IST" skipped="0">
  <testcase classname="com.spicejet.tests.SpicejetTest" name="browserLaunch" time="7.015"/>
  <system-out/>
</testsuite> <!-- com.spicejet.tests.SpicejetTest -->
