<?xml version="1.0" encoding="UTF-8"?>
<!-- Generated by org.testng.reporters.JUnitReportReporter -->
<testsuite hostname="MSI" failures="0" tests="1" name="com.spicejet.tests.SpicejetLogin_NegativeTest" time="18.019" errors="0" timestamp="2023-09-06T17:51:05 IST" skipped="0">
  <testcase classname="com.spicejet.tests.SpicejetLogin_NegativeTest" name="loginInvalidCred" time="18.019"/>
  <system-out/>
</testsuite> <!-- com.spicejet.tests.SpicejetLogin_NegativeTest -->
