<?xml version="1.0" encoding="UTF-8"?>
<!-- Generated by org.testng.reporters.JUnitReportReporter -->
<testsuite hostname="MSI" failures="0" tests="2" name="com.spicejet.tests.SpicejetInvalidPassengerDet_Negativetest" time="141.874" errors="0" timestamp="2023-09-09T19:18:43 IST" skipped="0">
  <testcase classname="com.spicejet.tests.SpicejetInvalidPassengerDet_Negativetest" name="SignUpInvalidCred" time="65.650"/>
  <system-out/>
  <testcase classname="com.spicejet.tests.SpicejetInvalidPassengerDet_Negativetest" name="SignUpInvalidCred" time="76.224"/>
  <system-out/>
</testsuite> <!-- com.spicejet.tests.SpicejetInvalidPassengerDet_Negativetest -->
