<?xml version="1.0" encoding="UTF-8"?>
<!-- Generated by org.testng.reporters.JUnitReportReporter -->
<testsuite hostname="MSI" failures="0" tests="1" name="com.spicejet.tests.SpicejetInvalidPassengerDet_Negativetest" time="31.750" errors="0" timestamp="2023-09-06T17:35:08 IST" skipped="0">
  <testcase classname="com.spicejet.tests.SpicejetInvalidPassengerDet_Negativetest" name="SignUpInvalidCred" time="31.750"/>
  <system-out/>
</testsuite> <!-- com.spicejet.tests.SpicejetInvalidPassengerDet_Negativetest -->
