<?xml version="1.0" encoding="UTF-8"?>
<!-- Generated by org.testng.reporters.JUnitReportReporter -->
<testsuite hostname="MSI" failures="0" tests="1" name="com.spicejet.tests.SpicejetRoundTripTest" time="35.050" errors="0" timestamp="2023-09-04T12:25:36 IST" skipped="0">
  <testcase classname="com.spicejet.tests.SpicejetRoundTripTest" name="SearchRoundTripFlight" time="35.050"/>
  <system-out/>
</testsuite> <!-- com.spicejet.tests.SpicejetRoundTripTest -->
