<?xml version="1.0" encoding="UTF-8"?>
<!-- Generated by org.testng.reporters.JUnitReportReporter -->
<testsuite hostname="MSI" failures="0" tests="1" name="com.spicejet.tests.SpicejetBookingFieldTest" time="22.412" errors="0" timestamp="2023-09-09T20:53:09 IST" skipped="0">
  <testcase classname="com.spicejet.tests.SpicejetBookingFieldTest" name="validateBookingField" time="22.412"/>
  <system-out/>
</testsuite> <!-- com.spicejet.tests.SpicejetBookingFieldTest -->
